\BOOKMARK [0][]{ustcchapter.1.0}{\376\377\000T\000i\000t\000l\000e\000\040\000p\000a\000g\000e}{}% 1
\BOOKMARK [0][]{ustcchapter.2.0}{\376\377\133\146\147\057\213\332\117\341\142\177\213\372\116\146}{}% 2
\BOOKMARK [0][]{ustcchapter.3.0}{\376\377\144\130\211\201}{}% 3
\BOOKMARK [0][]{ustcchapter.4.0}{\376\377\000A\000B\000S\000T\000R\000A\000C\000T}{}% 4
\BOOKMARK [0][]{ustcchapter.5.0}{\376\377\166\356\137\125}{}% 5
\BOOKMARK [0][]{ustcchapter.6.0}{\376\377\143\322\126\376\124\214\226\104\210\150\156\005\123\125}{}% 6
\BOOKMARK [0][]{chapter.1}{\376\377\173\054\116\000\172\340\000\040\176\352\213\272}{}% 7
\BOOKMARK [1][-]{section.1.1}{\376\377\173\054\116\000\202\202\000\040\170\024\172\166\200\314\146\157\116\016\141\017\116\111}{chapter.1}% 8
\BOOKMARK [1][-]{section.1.2}{\376\377\173\054\116\214\202\202\000\040\126\375\121\205\131\026\170\024\172\166\163\260\162\266}{chapter.1}% 9
\BOOKMARK [2][-]{subsection.1.2.1}{\376\377\116\000\000\040\220\145\144\315\117\134\116\016\145\160\143\156\221\307\226\306}{section.1.2}% 10
\BOOKMARK [2][-]{subsection.1.2.2}{\376\377\116\214\000\040\220\032\165\050\121\150\216\253\217\320\122\250\143\247\122\066}{section.1.2}% 11
\BOOKMARK [2][-]{subsection.1.2.3}{\376\377\116\011\000\040\141\037\167\345\040\023\143\247\122\066\225\355\163\257\116\016\201\352\116\073\116\373\122\241}{section.1.2}% 12
\BOOKMARK [1][-]{section.1.3}{\376\377\173\054\116\011\202\202\000\040\147\054\145\207\116\073\211\201\170\024\172\166\121\205\133\271}{chapter.1}% 13
\BOOKMARK [1][-]{section.1.4}{\376\377\173\054\126\333\202\202\000\040\213\272\145\207\176\304\176\307\176\323\147\204}{chapter.1}% 14
\BOOKMARK [0][]{chapter.2}{\376\377\173\054\116\214\172\340\000\040\131\032\156\220\121\150\216\253\217\320\122\250\145\160\143\156\221\307\226\306\116\016\221\315\133\232\124\021}{}% 15
\BOOKMARK [1][-]{section.2.1}{\376\377\173\054\116\000\202\202\000\040\174\373\176\337\147\266\147\204\151\202\217\360}{chapter.2}% 16
\BOOKMARK [1][-]{section.2.2}{\376\377\173\054\116\214\202\202\000\040\131\032\156\220\116\272\117\123\217\320\122\250\143\125\143\111\174\373\176\337}{chapter.2}% 17
\BOOKMARK [2][-]{subsection.2.2.1}{\376\377\116\000\000\040\140\357\140\047\122\250\143\125\174\373\176\337}{section.2.2}% 18
\BOOKMARK [2][-]{subsection.2.2.2}{\376\377\116\214\000\040\121\111\133\146\122\250\143\125\174\373\176\337}{section.2.2}% 19
\BOOKMARK [2][-]{subsection.2.2.3}{\376\377\116\011\000\040\147\072\126\150\116\272\000-\162\151\117\123\116\244\116\222\145\160\143\156\221\307\226\306}{section.2.2}% 20
\BOOKMARK [1][-]{section.2.3}{\376\377\173\054\116\011\202\202\000\040\127\372\116\216\000\040\000G\000M\000R\000\040\166\204\221\315\133\232\124\021}{chapter.2}% 21
\BOOKMARK [2][-]{subsection.2.3.1}{\376\377\116\000\000\040\000G\000M\000R\000\040\173\227\154\325\116\313\176\315}{section.2.3}% 22
\BOOKMARK [2][-]{subsection.2.3.2}{\376\377\116\214\000\040\127\372\116\216\000\040\000G\000M\000R\000\040\166\204\131\032\156\220\145\160\143\156\221\315\133\232\124\021\133\236\163\260}{section.2.3}% 23
\BOOKMARK [2][-]{subsection.2.3.3}{\376\377\116\011\000\040\131\032\136\163\123\360\220\002\221\115\377\032\000G\0001\000\040\116\016\000\040\000T\000a\000i\000h\000u\000\040\121\150\134\072\133\370\147\072\126\150\116\272}{section.2.3}% 24
\BOOKMARK [0][]{chapter.3}{\376\377\173\054\116\011\172\340\000\040\211\343\200\046\137\017\220\032\165\050\121\150\216\253\217\320\122\250\143\247\122\066\173\126\165\145}{}% 25
\BOOKMARK [1][-]{section.3.1}{\376\377\173\054\116\000\202\202\000\040\116\012\116\013\200\242\211\343\200\046\143\247\122\066\147\266\147\204\213\276\213\241}{chapter.3}% 26
\BOOKMARK [1][-]{section.3.2}{\376\377\173\054\116\214\202\202\000\040\116\012\200\242\220\145\144\315\117\134}{chapter.3}% 27
\BOOKMARK [2][-]{subsection.3.2.1}{\376\377\116\000\000\040\174\373\176\337\176\304\142\020\116\016\145\160\143\156\155\101}{section.3.2}% 28
\BOOKMARK [2][-]{subsection.3.2.2}{\376\377\116\214\000\040\127\372\116\216\000\040\000P\000I\000C\000O\000\040\166\204\123\314\201\302\166\356\150\007\117\115\131\377\203\267\123\326}{section.3.2}% 29
\BOOKMARK [2][-]{subsection.3.2.3}{\376\377\116\011\000\040\123\314\201\302\220\006\217\320\122\250\133\146\154\102\211\343\145\271\154\325}{section.3.2}% 30
\BOOKMARK [2][-]{subsection.3.2.4}{\376\377\126\333\000\040\000T\000a\000i\000h\000u\000\040\136\163\123\360\217\301\171\373\116\016\116\377\167\037\232\214\213\301}{section.3.2}% 31
\BOOKMARK [1][-]{section.3.3}{\376\377\173\054\116\011\202\202\000\040\116\013\200\242\137\072\123\026\133\146\116\140\000\040\000L\000o\000c\000o\000m\000o\000t\000i\000o\000n\000\040\173\126\165\145}{chapter.3}% 32
\BOOKMARK [2][-]{subsection.3.3.1}{\376\377\116\000\000\040\173\126\165\145\213\255\176\303\163\257\130\203\221\115\177\156}{section.3.3}% 33
\BOOKMARK [2][-]{subsection.3.3.2}{\376\377\116\214\000\040\162\266\140\001\172\172\225\364\116\016\131\126\122\261\213\276\213\241}{section.3.3}% 34
\BOOKMARK [2][-]{subsection.3.3.3}{\376\377\116\011\000\040\177\121\176\334\176\323\147\204\116\016\213\255\176\303\217\307\172\013}{section.3.3}% 35
\BOOKMARK [2][-]{subsection.3.3.4}{\376\377\126\333\000\040\173\126\165\145\140\047\200\375\213\304\117\060}{section.3.3}% 36
\BOOKMARK [1][-]{section.3.4}{\376\377\173\054\126\333\202\202\000\040\000S\000i\000m\000-\000t\000o\000-\000R\000e\000a\000l\000\040\217\301\171\373\116\016\167\037\147\072\232\214\213\301}{chapter.3}% 37
\BOOKMARK [0][]{chapter.4}{\376\377\173\054\126\333\172\340\000\040\141\037\167\345\040\023\143\247\122\066\225\355\163\257\166\204\201\352\116\073\116\373\122\241\142\147\210\114}{}% 38
\BOOKMARK [1][-]{section.4.1}{\376\377\173\054\116\000\202\202\000\040\141\037\167\345\040\023\143\247\122\066\225\355\163\257\147\266\147\204\151\202\217\360}{chapter.4}% 39
\BOOKMARK [1][-]{section.4.2}{\376\377\173\054\116\214\202\202\000\040\122\250\140\001\164\003\142\315\217\320\122\250\143\247\122\066\116\373\122\241}{chapter.4}% 40
\BOOKMARK [2][-]{subsection.4.2.1}{\376\377\116\000\000\040\116\373\122\241\200\314\146\157\116\016\174\373\176\337\147\266\147\204}{section.4.2}% 41
\BOOKMARK [2][-]{subsection.4.2.2}{\376\377\116\214\000\040\211\306\211\311\141\037\167\345\116\016\217\150\217\371\230\204\155\113\143\245\123\343}{section.4.2}% 42
\BOOKMARK [2][-]{subsection.4.2.3}{\376\377\116\011\000\040\121\150\216\253\217\320\122\250\165\037\142\020\116\016\133\236\232\214\232\214\213\301}{section.4.2}% 43
\BOOKMARK [1][-]{section.4.3}{\376\377\173\054\116\011\202\202\000\040\213\355\227\363\143\007\116\344\147\015\122\241\116\373\122\241\142\147\210\114}{chapter.4}% 44
\BOOKMARK [2][-]{subsection.4.3.1}{\376\377\116\000\000\040\174\373\176\337\147\266\147\204\116\016\116\373\122\241\155\101\172\013}{section.4.3}% 45
\BOOKMARK [2][-]{subsection.4.3.2}{\376\377\116\214\000\040\116\373\122\241\211\304\122\022\116\016\211\306\211\311\141\037\167\345}{section.4.3}% 46
\BOOKMARK [2][-]{subsection.4.3.3}{\376\377\116\011\000\040\121\150\216\253\143\247\122\066\226\306\142\020\116\016\142\147\210\114}{section.4.3}% 47
\BOOKMARK [2][-]{subsection.4.3.4}{\376\377\126\333\000\040\133\236\232\214\232\214\213\301}{section.4.3}% 48
\BOOKMARK [1][-]{section.4.4}{\376\377\173\054\126\333\202\202\000\040\147\054\172\340\134\017\176\323}{chapter.4}% 49
\BOOKMARK [0][]{chapter.5}{\376\377\173\054\116\224\172\340\000\040\176\323\213\272\116\016\134\125\147\033}{}% 50
\BOOKMARK [1][-]{section.5.1}{\376\377\173\054\116\000\202\202\000\040\147\054\145\207\135\345\117\134\140\073\176\323}{chapter.5}% 51
\BOOKMARK [1][-]{section.5.2}{\376\377\173\054\116\214\202\202\000\040\116\073\211\201\122\033\145\260\160\271}{chapter.5}% 52
\BOOKMARK [1][-]{section.5.3}{\376\377\173\054\116\011\202\202\000\040\147\052\147\145\135\345\117\134\134\125\147\033}{chapter.5}% 53
\BOOKMARK [0][]{chapter*.15}{\376\377\123\302\200\003\145\207\163\056}{}% 54
\BOOKMARK [0][]{appendix.A}{\376\377\226\104\137\125\000\040\000A\000\040\170\154\116\366\136\163\123\360\123\302\145\160}{}% 55
\BOOKMARK [1][-]{section.A.1}{\376\377\173\054\116\000\202\202\000\040\000U\000n\000i\000t\000r\000e\000e\000\040\000G\0001\000\040\147\072\126\150\116\272\136\163\123\360}{appendix.A}% 56
\BOOKMARK [1][-]{section.A.2}{\376\377\173\054\116\214\202\202\000\040\220\145\144\315\117\134\116\016\141\037\167\345\213\276\131\007}{appendix.A}% 57
\BOOKMARK [0][]{appendix.B}{\376\377\226\104\137\125\000\040\000B\000\040\137\072\123\026\133\146\116\140\213\255\176\303\215\205\123\302\145\160}{}% 58
\BOOKMARK [1][-]{section.B.1}{\376\377\173\054\116\000\202\202\000\040\000P\000P\000O\000\040\213\255\176\303\221\115\177\156}{appendix.B}% 59
\BOOKMARK [1][-]{section.B.2}{\376\377\173\054\116\214\202\202\000\040\177\121\176\334\176\323\147\204\116\016\213\255\176\303\163\257\130\203}{appendix.B}% 60
\BOOKMARK [0][]{appendix*.18}{\376\377\201\364\214\042}{}% 61
